2020-08-03 17:53:42,670 [Worker-4: Loading available Gradle versions] INFO  o.e.b.c.i.u.g.PublishedGradleVersions - Gradle version information cache is up-to-date. Trying to read.
2020-08-03 18:04:27,429 [Worker-19: Enabling Maven Dependency Management] INFO  o.e.m.c.i.l.LifecycleMappingFactory - Using org.eclipse.m2e.jdt.JarLifecycleMapping lifecycle mapping for MavenProject: excel_em_temporaria:excel_em_temporaria:0.0.1-SNAPSHOT @ C:\Fontes\wor\excel_em_temporaria\pom.xml.
2020-08-03 18:04:48,498 [Worker-19: Enabling Maven Dependency Management] INFO  o.e.m.j.i.AbstractJavaProjectConfigurator - Adding source folder /excel_em_temporaria/src
2020-08-03 18:04:48,498 [Worker-19: Enabling Maven Dependency Management] INFO  o.e.m.j.i.AbstractJavaProjectConfigurator - Resources folder /excel_em_temporaria/src overlaps with sources folder /excel_em_temporaria/src
2020-08-03 18:04:48,607 [Worker-19: Enabling Maven Dependency Management] INFO  o.e.m.j.i.AbstractJavaProjectConfigurator - Not adding source folder /excel_em_temporaria/src/test/java because it overlaps with /excel_em_temporaria/src
2020-08-03 18:04:50,822 [Worker-19: Enabling Maven Dependency Management] INFO  o.e.m.c.i.p.ProjectConfigurationManager - Update started
2020-08-03 18:05:03,483 [Worker-19: Enabling Maven Dependency Management] INFO  o.e.m.c.i.l.LifecycleMappingFactory - Using org.eclipse.m2e.jdt.JarLifecycleMapping lifecycle mapping for MavenProject: excel_em_temporaria:excel_em_temporaria:0.0.1-SNAPSHOT @ C:\Fontes\wor\excel_em_temporaria\pom.xml.
2020-08-03 18:05:11,029 [Worker-19: Enabling Maven Dependency Management] INFO  o.e.m.j.i.AbstractJavaProjectConfigurator - Adding source folder /excel_em_temporaria/src
2020-08-03 18:05:11,029 [Worker-19: Enabling Maven Dependency Management] INFO  o.e.m.j.i.AbstractJavaProjectConfigurator - Resources folder /excel_em_temporaria/src overlaps with sources folder /excel_em_temporaria/src
2020-08-03 18:05:11,138 [Worker-19: Enabling Maven Dependency Management] INFO  o.e.m.j.i.AbstractJavaProjectConfigurator - Not adding source folder /excel_em_temporaria/src/test/java because it overlaps with /excel_em_temporaria/src
2020-08-03 18:05:13,692 [Worker-19: Enabling Maven Dependency Management] INFO  o.e.m.c.i.p.ProjectConfigurationManager - Update completed: 22 sec
2020-08-03 18:05:16,937 [Worker-4: Building workspace] WARN  o.e.m.c.i.embedder.EclipseLogger - Using platform encoding (Cp1252 actually) to copy filtered resources, i.e. build is platform dependent!
2020-08-03 18:05:16,984 [Worker-4: Building workspace] INFO  o.e.m.c.i.embedder.EclipseLogger - Copying 1 resource
2020-08-03 18:05:17,015 [Worker-4: Building workspace] WARN  o.e.m.c.i.embedder.EclipseLogger - Using platform encoding (Cp1252 actually) to copy filtered resources, i.e. build is platform dependent!
2020-08-03 18:05:17,030 [Worker-4: Building workspace] INFO  o.e.m.c.i.embedder.EclipseLogger - skip non existing resourceDirectory C:\Fontes\wor\excel_em_temporaria\src\test\resources
2020-08-03 18:05:27,838 [Worker-18: Building workspace] ERROR o.e.m.c.i.p.r.ProjectRegistryManager - Could not read pom.xml
org.eclipse.core.runtime.CoreException: Could not read pom.xml
	at org.eclipse.m2e.core.internal.embedder.MavenImpl.readModel(MavenImpl.java:561) ~[org.eclipse.m2e.core_1.13.0.20190716-1624.jar:na]
	at org.eclipse.m2e.core.internal.embedder.MavenImpl.readModel(MavenImpl.java:570) ~[org.eclipse.m2e.core_1.13.0.20190716-1624.jar:na]
	at org.eclipse.m2e.core.internal.project.registry.ProjectRegistryManager.refreshPhase2(ProjectRegistryManager.java:563) [org.eclipse.m2e.core_1.13.0.20190716-1624.jar:na]
	at org.eclipse.m2e.core.internal.project.registry.ProjectRegistryManager.refresh(ProjectRegistryManager.java:519) [org.eclipse.m2e.core_1.13.0.20190716-1624.jar:na]
	at org.eclipse.m2e.core.internal.project.registry.ProjectRegistryManager.refresh(ProjectRegistryManager.java:365) [org.eclipse.m2e.core_1.13.0.20190716-1624.jar:na]
	at org.eclipse.m2e.core.internal.project.registry.ProjectRegistryManager.refresh(ProjectRegistryManager.java:312) [org.eclipse.m2e.core_1.13.0.20190716-1624.jar:na]
	at org.eclipse.m2e.core.internal.builder.MavenBuilder$BuildMethod.getProjectFacade(MavenBuilder.java:155) [org.eclipse.m2e.core_1.13.0.20190716-1624.jar:na]
	at org.eclipse.m2e.core.internal.builder.MavenBuilder$BuildMethod$1.call(MavenBuilder.java:90) [org.eclipse.m2e.core_1.13.0.20190716-1624.jar:na]
	at org.eclipse.m2e.core.internal.embedder.MavenExecutionContext.executeBare(MavenExecutionContext.java:177) [org.eclipse.m2e.core_1.13.0.20190716-1624.jar:na]
	at org.eclipse.m2e.core.internal.embedder.MavenExecutionContext.execute(MavenExecutionContext.java:151) [org.eclipse.m2e.core_1.13.0.20190716-1624.jar:na]
	at org.eclipse.m2e.core.internal.embedder.MavenExecutionContext.execute(MavenExecutionContext.java:99) [org.eclipse.m2e.core_1.13.0.20190716-1624.jar:na]
	at org.eclipse.m2e.core.internal.builder.MavenBuilder$BuildMethod.execute(MavenBuilder.java:87) [org.eclipse.m2e.core_1.13.0.20190716-1624.jar:na]
	at org.eclipse.m2e.core.internal.builder.MavenBuilder.build(MavenBuilder.java:201) [org.eclipse.m2e.core_1.13.0.20190716-1624.jar:na]
	at org.eclipse.core.internal.events.BuildManager$2.run(BuildManager.java:833) [org.eclipse.core.resources_3.13.500.v20190819-0800.jar:na]
	at org.eclipse.core.runtime.SafeRunner.run(SafeRunner.java:45) [org.eclipse.equinox.common_3.10.500.v20190815-1535.jar:na]
	at org.eclipse.core.internal.events.BuildManager.basicBuild(BuildManager.java:220) [org.eclipse.core.resources_3.13.500.v20190819-0800.jar:na]
	at org.eclipse.core.internal.events.BuildManager.basicBuild(BuildManager.java:263) [org.eclipse.core.resources_3.13.500.v20190819-0800.jar:na]
	at org.eclipse.core.internal.events.BuildManager$1.run(BuildManager.java:316) [org.eclipse.core.resources_3.13.500.v20190819-0800.jar:na]
	at org.eclipse.core.runtime.SafeRunner.run(SafeRunner.java:45) [org.eclipse.equinox.common_3.10.500.v20190815-1535.jar:na]
	at org.eclipse.core.internal.events.BuildManager.basicBuild(BuildManager.java:319) [org.eclipse.core.resources_3.13.500.v20190819-0800.jar:na]
	at org.eclipse.core.internal.events.BuildManager.basicBuildLoop(BuildManager.java:371) [org.eclipse.core.resources_3.13.500.v20190819-0800.jar:na]
	at org.eclipse.core.internal.events.BuildManager.build(BuildManager.java:392) [org.eclipse.core.resources_3.13.500.v20190819-0800.jar:na]
	at org.eclipse.core.internal.events.AutoBuildJob.doBuild(AutoBuildJob.java:154) [org.eclipse.core.resources_3.13.500.v20190819-0800.jar:na]
	at org.eclipse.core.internal.events.AutoBuildJob.run(AutoBuildJob.java:244) [org.eclipse.core.resources_3.13.500.v20190819-0800.jar:na]
	at org.eclipse.core.internal.jobs.Worker.run(Worker.java:63) [org.eclipse.core.jobs_3.10.500.v20190620-1426.jar:na]
Caused by: org.apache.maven.model.io.ModelParseException: Unrecognised tag: 'dependency' (position: START_TAG seen ...</version>\r\n\r\n\t<dependency>... @9:14) 
	at org.apache.maven.model.io.DefaultModelReader.read(DefaultModelReader.java:114) ~[maven-model-builder-3.6.1.jar:3.6.1]
	at org.apache.maven.model.io.DefaultModelReader.read(DefaultModelReader.java:82) ~[maven-model-builder-3.6.1.jar:3.6.1]
	at org.eclipse.m2e.core.internal.embedder.MavenImpl.readModel(MavenImpl.java:559) ~[org.eclipse.m2e.core_1.13.0.20190716-1624.jar:na]
	... 24 common frames omitted
Caused by: org.codehaus.plexus.util.xml.pull.XmlPullParserException: Unrecognised tag: 'dependency' (position: START_TAG seen ...</version>\r\n\r\n\t<dependency>... @9:14) 
	at org.apache.maven.model.io.xpp3.MavenXpp3Reader.checkUnknownElement(MavenXpp3Reader.java:178) ~[maven-model-3.6.1.jar:3.6.1]
	at org.apache.maven.model.io.xpp3.MavenXpp3Reader.parseModel(MavenXpp3Reader.java:2309) ~[maven-model-3.6.1.jar:3.6.1]
	at org.apache.maven.model.io.xpp3.MavenXpp3Reader.read(MavenXpp3Reader.java:3872) ~[maven-model-3.6.1.jar:3.6.1]
	at org.apache.maven.model.io.xpp3.MavenXpp3Reader.read(MavenXpp3Reader.java:595) ~[maven-model-3.6.1.jar:3.6.1]
	at org.apache.maven.model.io.DefaultModelReader.read(DefaultModelReader.java:109) ~[maven-model-builder-3.6.1.jar:3.6.1]
	... 26 common frames omitted
2020-08-03 18:06:15,199 [Worker-4: Building workspace] INFO  o.e.m.c.i.l.LifecycleMappingFactory - Using org.eclipse.m2e.jdt.JarLifecycleMapping lifecycle mapping for MavenProject: excel_em_temporaria:excel_em_temporaria:0.0.1-SNAPSHOT @ C:\Fontes\wor\excel_em_temporaria\pom.xml.
2020-08-03 18:06:18,252 [Worker-18: reload maven project] INFO  o.e.m.c.i.e.AbstractTransferListenerAdapter - Downloading https://repo.maven.apache.org/maven2/mysql/mysql-connector-java/5.1.21/mysql-connector-java-5.1.21.pom
2020-08-03 18:06:18,533 [Worker-4: Building workspace] INFO  o.e.m.c.i.e.AbstractTransferListenerAdapter - Downloading https://repo.maven.apache.org/maven2/mysql/mysql-connector-java/5.1.21/mysql-connector-java-5.1.21.pom
2020-08-03 18:06:18,580 [Worker-18: reload maven project] INFO  o.e.m.c.i.e.AbstractTransferListenerAdapter - Downloaded https://repo.maven.apache.org/maven2/mysql/mysql-connector-java/5.1.21/mysql-connector-java-5.1.21.pom
2020-08-03 18:06:18,720 [Worker-4: Building workspace] INFO  o.e.m.c.i.e.AbstractTransferListenerAdapter - Downloaded https://repo.maven.apache.org/maven2/mysql/mysql-connector-java/5.1.21/mysql-connector-java-5.1.21.pom
2020-08-03 18:06:18,783 [Worker-18: reload maven project] INFO  o.e.m.c.i.e.AbstractTransferListenerAdapter - Downloading https://repo.maven.apache.org/maven2/org/apache/poi/poi-ooxml/4.1.2/poi-ooxml-4.1.2.pom
2020-08-03 18:06:18,986 [Worker-18: reload maven project] INFO  o.e.m.c.i.e.AbstractTransferListenerAdapter - Downloaded https://repo.maven.apache.org/maven2/org/apache/poi/poi-ooxml/4.1.2/poi-ooxml-4.1.2.pom
2020-08-03 18:06:19,032 [Worker-4: Building workspace] INFO  o.e.m.c.i.e.AbstractTransferListenerAdapter - Downloading https://repo.maven.apache.org/maven2/org/apache/poi/poi-ooxml/4.1.2/poi-ooxml-4.1.2.pom
2020-08-03 18:06:19,163 [Worker-18: reload maven project] INFO  o.e.m.c.i.e.AbstractTransferListenerAdapter - Downloading https://repo.maven.apache.org/maven2/org/apache/poi/poi/4.1.2/poi-4.1.2.pom
2020-08-03 18:06:19,207 [Worker-4: Building workspace] INFO  o.e.m.c.i.e.AbstractTransferListenerAdapter - Downloaded https://repo.maven.apache.org/maven2/org/apache/poi/poi-ooxml/4.1.2/poi-ooxml-4.1.2.pom
2020-08-03 18:06:19,377 [Worker-18: reload maven project] INFO  o.e.m.c.i.e.AbstractTransferListenerAdapter - Downloaded https://repo.maven.apache.org/maven2/org/apache/poi/poi/4.1.2/poi-4.1.2.pom
2020-08-03 18:06:19,392 [Worker-4: Building workspace] INFO  o.e.m.c.i.e.AbstractTransferListenerAdapter - Downloading https://repo.maven.apache.org/maven2/org/apache/poi/poi/4.1.2/poi-4.1.2.pom
2020-08-03 18:06:19,577 [Worker-18: reload maven project] INFO  o.e.m.c.i.e.AbstractTransferListenerAdapter - Downloading https://repo.maven.apache.org/maven2/commons-codec/commons-codec/1.13/commons-codec-1.13.pom
2020-08-03 18:06:19,621 [Worker-4: Building workspace] INFO  o.e.m.c.i.e.AbstractTransferListenerAdapter - Downloaded https://repo.maven.apache.org/maven2/org/apache/poi/poi/4.1.2/poi-4.1.2.pom
2020-08-03 18:06:19,784 [Worker-4: Building workspace] INFO  o.e.m.c.i.e.AbstractTransferListenerAdapter - Downloading https://repo.maven.apache.org/maven2/commons-codec/commons-codec/1.13/commons-codec-1.13.pom
2020-08-03 18:06:20,008 [Worker-18: reload maven project] INFO  o.e.m.c.i.e.AbstractTransferListenerAdapter - Downloaded https://repo.maven.apache.org/maven2/commons-codec/commons-codec/1.13/commons-codec-1.13.pom
2020-08-03 18:06:20,167 [Worker-4: Building workspace] INFO  o.e.m.c.i.e.AbstractTransferListenerAdapter - Downloaded https://repo.maven.apache.org/maven2/commons-codec/commons-codec/1.13/commons-codec-1.13.pom
2020-08-03 18:06:20,533 [Worker-4: Building workspace] INFO  o.e.m.c.i.e.AbstractTransferListenerAdapter - Downloading https://repo.maven.apache.org/maven2/org/apache/commons/commons-collections4/4.4/commons-collections4-4.4.pom
2020-08-03 18:06:20,580 [Worker-18: reload maven project] INFO  o.e.m.c.i.e.AbstractTransferListenerAdapter - Downloading https://repo.maven.apache.org/maven2/org/apache/commons/commons-collections4/4.4/commons-collections4-4.4.pom
2020-08-03 18:06:20,736 [Worker-4: Building workspace] INFO  o.e.m.c.i.e.AbstractTransferListenerAdapter - Downloaded https://repo.maven.apache.org/maven2/org/apache/commons/commons-collections4/4.4/commons-collections4-4.4.pom
2020-08-03 18:06:20,814 [Worker-18: reload maven project] INFO  o.e.m.c.i.e.AbstractTransferListenerAdapter - Downloaded https://repo.maven.apache.org/maven2/org/apache/commons/commons-collections4/4.4/commons-collections4-4.4.pom
2020-08-03 18:06:20,923 [Worker-4: Building workspace] INFO  o.e.m.c.i.e.AbstractTransferListenerAdapter - Downloading https://repo.maven.apache.org/maven2/org/apache/commons/commons-math3/3.6.1/commons-math3-3.6.1.pom
2020-08-03 18:06:21,033 [Worker-18: reload maven project] INFO  o.e.m.c.i.e.AbstractTransferListenerAdapter - Downloading https://repo.maven.apache.org/maven2/org/apache/commons/commons-math3/3.6.1/commons-math3-3.6.1.pom
2020-08-03 18:06:21,079 [Worker-4: Building workspace] INFO  o.e.m.c.i.e.AbstractTransferListenerAdapter - Downloaded https://repo.maven.apache.org/maven2/org/apache/commons/commons-math3/3.6.1/commons-math3-3.6.1.pom
2020-08-03 18:06:21,204 [Worker-18: reload maven project] INFO  o.e.m.c.i.e.AbstractTransferListenerAdapter - Downloaded https://repo.maven.apache.org/maven2/org/apache/commons/commons-math3/3.6.1/commons-math3-3.6.1.pom
2020-08-03 18:06:21,251 [Worker-4: Building workspace] INFO  o.e.m.c.i.e.AbstractTransferListenerAdapter - Downloading https://repo.maven.apache.org/maven2/com/zaxxer/SparseBitSet/1.2/SparseBitSet-1.2.pom
2020-08-03 18:06:21,391 [Worker-18: reload maven project] INFO  o.e.m.c.i.e.AbstractTransferListenerAdapter - Downloading https://repo.maven.apache.org/maven2/com/zaxxer/SparseBitSet/1.2/SparseBitSet-1.2.pom
2020-08-03 18:06:21,407 [Worker-4: Building workspace] INFO  o.e.m.c.i.e.AbstractTransferListenerAdapter - Downloaded https://repo.maven.apache.org/maven2/com/zaxxer/SparseBitSet/1.2/SparseBitSet-1.2.pom
2020-08-03 18:06:21,547 [Worker-18: reload maven project] INFO  o.e.m.c.i.e.AbstractTransferListenerAdapter - Downloaded https://repo.maven.apache.org/maven2/com/zaxxer/SparseBitSet/1.2/SparseBitSet-1.2.pom
2020-08-03 18:06:21,594 [Worker-4: Building workspace] INFO  o.e.m.c.i.e.AbstractTransferListenerAdapter - Downloading https://repo.maven.apache.org/maven2/org/apache/poi/poi-ooxml-schemas/4.1.2/poi-ooxml-schemas-4.1.2.pom
2020-08-03 18:06:21,719 [Worker-18: reload maven project] INFO  o.e.m.c.i.e.AbstractTransferListenerAdapter - Downloading https://repo.maven.apache.org/maven2/org/apache/poi/poi-ooxml-schemas/4.1.2/poi-ooxml-schemas-4.1.2.pom
2020-08-03 18:06:21,750 [Worker-4: Building workspace] INFO  o.e.m.c.i.e.AbstractTransferListenerAdapter - Downloaded https://repo.maven.apache.org/maven2/org/apache/poi/poi-ooxml-schemas/4.1.2/poi-ooxml-schemas-4.1.2.pom
2020-08-03 18:06:21,891 [Worker-18: reload maven project] INFO  o.e.m.c.i.e.AbstractTransferListenerAdapter - Downloaded https://repo.maven.apache.org/maven2/org/apache/poi/poi-ooxml-schemas/4.1.2/poi-ooxml-schemas-4.1.2.pom
2020-08-03 18:06:21,969 [Worker-4: Building workspace] INFO  o.e.m.c.i.e.AbstractTransferListenerAdapter - Downloading https://repo.maven.apache.org/maven2/org/apache/xmlbeans/xmlbeans/3.1.0/xmlbeans-3.1.0.pom
2020-08-03 18:06:22,187 [Worker-18: reload maven project] INFO  o.e.m.c.i.e.AbstractTransferListenerAdapter - Downloading https://repo.maven.apache.org/maven2/org/apache/xmlbeans/xmlbeans/3.1.0/xmlbeans-3.1.0.pom
2020-08-03 18:06:22,234 [Worker-4: Building workspace] INFO  o.e.m.c.i.e.AbstractTransferListenerAdapter - Downloaded https://repo.maven.apache.org/maven2/org/apache/xmlbeans/xmlbeans/3.1.0/xmlbeans-3.1.0.pom
2020-08-03 18:06:22,437 [Worker-4: Building workspace] INFO  o.e.m.c.i.e.AbstractTransferListenerAdapter - Downloading https://repo.maven.apache.org/maven2/com/github/virtuald/curvesapi/1.06/curvesapi-1.06.pom
2020-08-03 18:06:22,608 [Worker-4: Building workspace] INFO  o.e.m.c.i.e.AbstractTransferListenerAdapter - Downloaded https://repo.maven.apache.org/maven2/com/github/virtuald/curvesapi/1.06/curvesapi-1.06.pom
2020-08-03 18:06:23,435 [Worker-4: Building workspace] INFO  o.e.m.c.i.e.AbstractTransferListenerAdapter - Downloading https://repo.maven.apache.org/maven2/mysql/mysql-connector-java/5.1.21/mysql-connector-java-5.1.21.jar
2020-08-03 18:06:23,560 [Worker-18: reload maven project] INFO  o.e.m.c.i.e.AbstractTransferListenerAdapter - Downloaded https://repo.maven.apache.org/maven2/org/apache/xmlbeans/xmlbeans/3.1.0/xmlbeans-3.1.0.pom
2020-08-03 18:06:23,997 [Worker-18: reload maven project] INFO  o.e.m.c.i.e.AbstractTransferListenerAdapter - Downloading https://repo.maven.apache.org/maven2/mysql/mysql-connector-java/5.1.21/mysql-connector-java-5.1.21.jar
2020-08-03 18:06:25,541 [Worker-4: Building workspace] INFO  o.e.m.c.i.e.AbstractTransferListenerAdapter - Downloaded https://repo.maven.apache.org/maven2/mysql/mysql-connector-java/5.1.21/mysql-connector-java-5.1.21.jar
2020-08-03 18:06:25,681 [Worker-4: Building workspace] INFO  o.e.m.c.i.e.AbstractTransferListenerAdapter - Downloading https://repo.maven.apache.org/maven2/org/apache/poi/poi-ooxml/4.1.2/poi-ooxml-4.1.2.jar
2020-08-03 18:06:28,144 [Worker-18: reload maven project] INFO  o.e.m.c.i.e.AbstractTransferListenerAdapter - Downloaded https://repo.maven.apache.org/maven2/mysql/mysql-connector-java/5.1.21/mysql-connector-java-5.1.21.jar
2020-08-03 18:06:28,287 [Worker-18: reload maven project] INFO  o.e.m.c.i.e.AbstractTransferListenerAdapter - Downloading https://repo.maven.apache.org/maven2/org/apache/poi/poi-ooxml/4.1.2/poi-ooxml-4.1.2.jar
2020-08-03 18:06:30,819 [Worker-4: Building workspace] INFO  o.e.m.c.i.e.AbstractTransferListenerAdapter - Downloaded https://repo.maven.apache.org/maven2/org/apache/poi/poi-ooxml/4.1.2/poi-ooxml-4.1.2.jar
2020-08-03 18:06:30,965 [Worker-4: Building workspace] INFO  o.e.m.c.i.e.AbstractTransferListenerAdapter - Downloading https://repo.maven.apache.org/maven2/org/apache/poi/poi/4.1.2/poi-4.1.2.jar
2020-08-03 18:06:34,169 [Worker-18: reload maven project] INFO  o.e.m.c.i.e.AbstractTransferListenerAdapter - Downloaded https://repo.maven.apache.org/maven2/org/apache/poi/poi-ooxml/4.1.2/poi-ooxml-4.1.2.jar
2020-08-03 18:06:34,356 [Worker-18: reload maven project] INFO  o.e.m.c.i.e.AbstractTransferListenerAdapter - Downloading https://repo.maven.apache.org/maven2/org/apache/poi/poi/4.1.2/poi-4.1.2.jar
2020-08-03 18:06:39,099 [Worker-4: Building workspace] INFO  o.e.m.c.i.e.AbstractTransferListenerAdapter - Downloaded https://repo.maven.apache.org/maven2/org/apache/poi/poi/4.1.2/poi-4.1.2.jar
2020-08-03 18:06:39,245 [Worker-4: Building workspace] INFO  o.e.m.c.i.e.AbstractTransferListenerAdapter - Downloading https://repo.maven.apache.org/maven2/commons-codec/commons-codec/1.13/commons-codec-1.13.jar
2020-08-03 18:06:40,253 [Worker-4: Building workspace] INFO  o.e.m.c.i.e.AbstractTransferListenerAdapter - Downloaded https://repo.maven.apache.org/maven2/commons-codec/commons-codec/1.13/commons-codec-1.13.jar
2020-08-03 18:06:40,378 [Worker-18: reload maven project] INFO  o.e.m.c.i.e.AbstractTransferListenerAdapter - Downloaded https://repo.maven.apache.org/maven2/org/apache/poi/poi/4.1.2/poi-4.1.2.jar
2020-08-03 18:06:40,409 [Worker-4: Building workspace] INFO  o.e.m.c.i.e.AbstractTransferListenerAdapter - Downloading https://repo.maven.apache.org/maven2/org/apache/commons/commons-collections4/4.4/commons-collections4-4.4.jar
2020-08-03 18:06:40,503 [Worker-18: reload maven project] INFO  o.e.m.c.i.e.AbstractTransferListenerAdapter - Downloading https://repo.maven.apache.org/maven2/commons-codec/commons-codec/1.13/commons-codec-1.13.jar
2020-08-03 18:06:41,408 [Worker-18: reload maven project] INFO  o.e.m.c.i.e.AbstractTransferListenerAdapter - Downloaded https://repo.maven.apache.org/maven2/commons-codec/commons-codec/1.13/commons-codec-1.13.jar
2020-08-03 18:06:41,548 [Worker-18: reload maven project] INFO  o.e.m.c.i.e.AbstractTransferListenerAdapter - Downloading https://repo.maven.apache.org/maven2/org/apache/commons/commons-collections4/4.4/commons-collections4-4.4.jar
2020-08-03 18:06:42,291 [Worker-4: Building workspace] INFO  o.e.m.c.i.e.AbstractTransferListenerAdapter - Downloaded https://repo.maven.apache.org/maven2/org/apache/commons/commons-collections4/4.4/commons-collections4-4.4.jar
2020-08-03 18:06:42,431 [Worker-4: Building workspace] INFO  o.e.m.c.i.e.AbstractTransferListenerAdapter - Downloading https://repo.maven.apache.org/maven2/org/apache/commons/commons-math3/3.6.1/commons-math3-3.6.1.jar
2020-08-03 18:06:43,691 [Worker-18: reload maven project] INFO  o.e.m.c.i.e.AbstractTransferListenerAdapter - Downloaded https://repo.maven.apache.org/maven2/org/apache/commons/commons-collections4/4.4/commons-collections4-4.4.jar
2020-08-03 18:06:43,863 [Worker-18: reload maven project] INFO  o.e.m.c.i.e.AbstractTransferListenerAdapter - Downloading https://repo.maven.apache.org/maven2/org/apache/commons/commons-math3/3.6.1/commons-math3-3.6.1.jar
2020-08-03 18:06:47,934 [Worker-4: Building workspace] INFO  o.e.m.c.i.e.AbstractTransferListenerAdapter - Downloaded https://repo.maven.apache.org/maven2/org/apache/commons/commons-math3/3.6.1/commons-math3-3.6.1.jar
2020-08-03 18:06:48,075 [Worker-4: Building workspace] INFO  o.e.m.c.i.e.AbstractTransferListenerAdapter - Downloading https://repo.maven.apache.org/maven2/com/zaxxer/SparseBitSet/1.2/SparseBitSet-1.2.jar
2020-08-03 18:06:48,293 [Worker-4: Building workspace] INFO  o.e.m.c.i.e.AbstractTransferListenerAdapter - Downloaded https://repo.maven.apache.org/maven2/com/zaxxer/SparseBitSet/1.2/SparseBitSet-1.2.jar
2020-08-03 18:06:48,496 [Worker-4: Building workspace] INFO  o.e.m.c.i.e.AbstractTransferListenerAdapter - Downloading https://repo.maven.apache.org/maven2/org/apache/poi/poi-ooxml-schemas/4.1.2/poi-ooxml-schemas-4.1.2.jar
2020-08-03 18:06:49,713 [Worker-18: reload maven project] INFO  o.e.m.c.i.e.AbstractTransferListenerAdapter - Downloaded https://repo.maven.apache.org/maven2/org/apache/commons/commons-math3/3.6.1/commons-math3-3.6.1.jar
2020-08-03 18:06:49,853 [Worker-18: reload maven project] INFO  o.e.m.c.i.e.AbstractTransferListenerAdapter - Downloading https://repo.maven.apache.org/maven2/com/zaxxer/SparseBitSet/1.2/SparseBitSet-1.2.jar
2020-08-03 18:06:50,056 [Worker-18: reload maven project] INFO  o.e.m.c.i.e.AbstractTransferListenerAdapter - Downloaded https://repo.maven.apache.org/maven2/com/zaxxer/SparseBitSet/1.2/SparseBitSet-1.2.jar
2020-08-03 18:06:50,196 [Worker-18: reload maven project] INFO  o.e.m.c.i.e.AbstractTransferListenerAdapter - Downloading https://repo.maven.apache.org/maven2/org/apache/poi/poi-ooxml-schemas/4.1.2/poi-ooxml-schemas-4.1.2.jar
2020-08-03 18:07:04,509 [Worker-4: Building workspace] INFO  o.e.m.c.i.e.AbstractTransferListenerAdapter - Downloaded https://repo.maven.apache.org/maven2/org/apache/poi/poi-ooxml-schemas/4.1.2/poi-ooxml-schemas-4.1.2.jar
2020-08-03 18:07:04,665 [Worker-4: Building workspace] INFO  o.e.m.c.i.e.AbstractTransferListenerAdapter - Downloading https://repo.maven.apache.org/maven2/org/apache/xmlbeans/xmlbeans/3.1.0/xmlbeans-3.1.0.jar
2020-08-03 18:07:08,973 [Worker-4: Building workspace] INFO  o.e.m.c.i.e.AbstractTransferListenerAdapter - Downloaded https://repo.maven.apache.org/maven2/org/apache/xmlbeans/xmlbeans/3.1.0/xmlbeans-3.1.0.jar
2020-08-03 18:07:09,129 [Worker-4: Building workspace] INFO  o.e.m.c.i.e.AbstractTransferListenerAdapter - Downloading https://repo.maven.apache.org/maven2/com/github/virtuald/curvesapi/1.06/curvesapi-1.06.jar
2020-08-03 18:07:09,348 [Worker-4: Building workspace] INFO  o.e.m.c.i.e.AbstractTransferListenerAdapter - Downloaded https://repo.maven.apache.org/maven2/com/github/virtuald/curvesapi/1.06/curvesapi-1.06.jar
2020-08-03 18:07:10,486 [Worker-18: reload maven project] INFO  o.e.m.c.i.e.AbstractTransferListenerAdapter - Downloaded https://repo.maven.apache.org/maven2/org/apache/poi/poi-ooxml-schemas/4.1.2/poi-ooxml-schemas-4.1.2.jar
2020-08-03 18:07:10,642 [Worker-18: reload maven project] INFO  o.e.m.c.i.e.AbstractTransferListenerAdapter - Downloading https://repo.maven.apache.org/maven2/org/apache/xmlbeans/xmlbeans/3.1.0/xmlbeans-3.1.0.jar
2020-08-03 18:07:12,460 [Worker-4: Building workspace] WARN  o.e.m.c.i.embedder.EclipseLogger - Using platform encoding (Cp1252 actually) to copy filtered resources, i.e. build is platform dependent!
2020-08-03 18:07:12,500 [Worker-4: Building workspace] INFO  o.e.m.c.i.embedder.EclipseLogger - Copying 0 resource
2020-08-03 18:07:12,519 [Worker-4: Building workspace] WARN  o.e.m.c.i.embedder.EclipseLogger - Using platform encoding (Cp1252 actually) to copy filtered resources, i.e. build is platform dependent!
2020-08-03 18:07:12,522 [Worker-4: Building workspace] INFO  o.e.m.c.i.embedder.EclipseLogger - skip non existing resourceDirectory C:\Fontes\wor\excel_em_temporaria\src\test\resources
2020-08-03 18:07:16,616 [Worker-18: reload maven project] INFO  o.e.m.c.i.e.AbstractTransferListenerAdapter - Downloaded https://repo.maven.apache.org/maven2/org/apache/xmlbeans/xmlbeans/3.1.0/xmlbeans-3.1.0.jar
2020-08-03 18:07:16,808 [Worker-18: reload maven project] INFO  o.e.m.c.i.e.AbstractTransferListenerAdapter - Downloading https://repo.maven.apache.org/maven2/com/github/virtuald/curvesapi/1.06/curvesapi-1.06.jar
2020-08-03 18:07:18,368 [Worker-3: Download sources and javadoc] INFO  o.e.m.c.i.e.AbstractTransferListenerAdapter - Downloading https://repo.maven.apache.org/maven2/org/apache/poi/poi-ooxml/4.1.2/poi-ooxml-4.1.2-sources.jar
2020-08-03 18:07:19,909 [Worker-3: Download sources and javadoc] INFO  o.e.m.c.i.e.AbstractTransferListenerAdapter - Downloaded https://repo.maven.apache.org/maven2/org/apache/poi/poi-ooxml/4.1.2/poi-ooxml-4.1.2-sources.jar
2020-08-03 18:07:20,018 [Worker-3: Download sources and javadoc] INFO  o.e.m.j.internal.DownloadSourcesJob - Downloaded sources for org.apache.poi:poi-ooxml:4.1.2
2020-08-03 18:07:21,547 [Worker-4: Building workspace] WARN  o.e.m.c.i.embedder.EclipseLogger - Using platform encoding (Cp1252 actually) to copy filtered resources, i.e. build is platform dependent!
2020-08-03 18:07:21,578 [Worker-4: Building workspace] INFO  o.e.m.c.i.embedder.EclipseLogger - Copying 1 resource
2020-08-03 18:07:21,656 [Worker-4: Building workspace] WARN  o.e.m.c.i.embedder.EclipseLogger - Using platform encoding (Cp1252 actually) to copy filtered resources, i.e. build is platform dependent!
2020-08-03 18:07:21,656 [Worker-4: Building workspace] INFO  o.e.m.c.i.embedder.EclipseLogger - skip non existing resourceDirectory C:\Fontes\wor\excel_em_temporaria\src\test\resources
2020-08-03 18:07:22,420 [Worker-3: Download sources and javadoc] INFO  o.e.m.c.i.e.AbstractTransferListenerAdapter - Downloading https://repo.maven.apache.org/maven2/org/apache/poi/poi/4.1.2/poi-4.1.2-sources.jar
2020-08-03 18:07:22,514 [Worker-18: reload maven project] INFO  o.e.m.c.i.e.AbstractTransferListenerAdapter - Downloaded https://repo.maven.apache.org/maven2/com/github/virtuald/curvesapi/1.06/curvesapi-1.06.jar
2020-08-03 18:07:25,417 [Worker-3: Download sources and javadoc] INFO  o.e.m.c.i.e.AbstractTransferListenerAdapter - Downloaded https://repo.maven.apache.org/maven2/org/apache/poi/poi/4.1.2/poi-4.1.2-sources.jar
2020-08-03 18:07:25,469 [Worker-3: Download sources and javadoc] INFO  o.e.m.j.internal.DownloadSourcesJob - Downloaded sources for org.apache.poi:poi:4.1.2
2020-08-03 18:07:26,204 [Worker-3: Download sources and javadoc] INFO  o.e.m.c.i.e.AbstractTransferListenerAdapter - Downloading https://repo.maven.apache.org/maven2/commons-codec/commons-codec/1.13/commons-codec-1.13-sources.jar
2020-08-03 18:07:27,187 [Worker-3: Download sources and javadoc] INFO  o.e.m.c.i.e.AbstractTransferListenerAdapter - Downloaded https://repo.maven.apache.org/maven2/commons-codec/commons-codec/1.13/commons-codec-1.13-sources.jar
2020-08-03 18:07:27,245 [Worker-3: Download sources and javadoc] INFO  o.e.m.j.internal.DownloadSourcesJob - Downloaded sources for commons-codec:commons-codec:1.13
2020-08-03 18:07:27,923 [Worker-3: Download sources and javadoc] INFO  o.e.m.c.i.e.AbstractTransferListenerAdapter - Downloading https://repo.maven.apache.org/maven2/org/apache/commons/commons-collections4/4.4/commons-collections4-4.4-sources.jar
2020-08-03 18:07:29,533 [Worker-3: Download sources and javadoc] INFO  o.e.m.c.i.e.AbstractTransferListenerAdapter - Downloaded https://repo.maven.apache.org/maven2/org/apache/commons/commons-collections4/4.4/commons-collections4-4.4-sources.jar
2020-08-03 18:07:29,596 [Worker-3: Download sources and javadoc] INFO  o.e.m.j.internal.DownloadSourcesJob - Downloaded sources for org.apache.commons:commons-collections4:4.4
2020-08-03 18:07:30,220 [Worker-3: Download sources and javadoc] INFO  o.e.m.c.i.e.AbstractTransferListenerAdapter - Downloading https://repo.maven.apache.org/maven2/org/apache/commons/commons-math3/3.6.1/commons-math3-3.6.1-sources.jar
2020-08-03 18:07:33,152 [Worker-3: Download sources and javadoc] INFO  o.e.m.c.i.e.AbstractTransferListenerAdapter - Downloaded https://repo.maven.apache.org/maven2/org/apache/commons/commons-math3/3.6.1/commons-math3-3.6.1-sources.jar
2020-08-03 18:07:33,215 [Worker-3: Download sources and javadoc] INFO  o.e.m.j.internal.DownloadSourcesJob - Downloaded sources for org.apache.commons:commons-math3:3.6.1
2020-08-03 18:07:33,839 [Worker-3: Download sources and javadoc] INFO  o.e.m.c.i.e.AbstractTransferListenerAdapter - Downloading https://repo.maven.apache.org/maven2/com/zaxxer/SparseBitSet/1.2/SparseBitSet-1.2-sources.jar
2020-08-03 18:07:34,260 [Worker-3: Download sources and javadoc] INFO  o.e.m.c.i.e.AbstractTransferListenerAdapter - Downloaded https://repo.maven.apache.org/maven2/com/zaxxer/SparseBitSet/1.2/SparseBitSet-1.2-sources.jar
2020-08-03 18:07:34,369 [Worker-3: Download sources and javadoc] INFO  o.e.m.j.internal.DownloadSourcesJob - Downloaded sources for com.zaxxer:SparseBitSet:1.2
2020-08-03 18:07:35,087 [Worker-3: Download sources and javadoc] INFO  o.e.m.c.i.e.AbstractTransferListenerAdapter - Downloaded https://repo.maven.apache.org/maven2/org/apache/poi/poi-ooxml-schemas/4.1.2/poi-ooxml-schemas-4.1.2-sources.jar
2020-08-03 18:07:35,087 [Worker-3: Download sources and javadoc] ERROR o.e.m.j.internal.DownloadSourcesJob - Could not download sources for org.apache.poi:poi-ooxml-schemas:4.1.2
org.eclipse.core.runtime.CoreException: Could not resolve artifact org.apache.poi:poi-ooxml-schemas:jar:sources:4.1.2
	at org.eclipse.m2e.core.internal.embedder.MavenImpl.lambda$4(MavenImpl.java:801) ~[org.eclipse.m2e.core_1.13.0.20190716-1624.jar:na]
	at org.eclipse.m2e.core.internal.embedder.MavenExecutionContext.executeBare(MavenExecutionContext.java:177) ~[org.eclipse.m2e.core_1.13.0.20190716-1624.jar:na]
	at org.eclipse.m2e.core.internal.embedder.MavenExecutionContext.execute(MavenExecutionContext.java:112) ~[org.eclipse.m2e.core_1.13.0.20190716-1624.jar:na]
	at org.eclipse.m2e.core.internal.embedder.MavenExecutionContext.execute(MavenExecutionContext.java:99) ~[org.eclipse.m2e.core_1.13.0.20190716-1624.jar:na]
	at org.eclipse.m2e.core.internal.embedder.MavenImpl.resolve(MavenImpl.java:769) ~[org.eclipse.m2e.core_1.13.0.20190716-1624.jar:na]
	at org.eclipse.m2e.core.internal.embedder.MavenImpl.resolve(MavenImpl.java:746) ~[org.eclipse.m2e.core_1.13.0.20190716-1624.jar:na]
	at org.eclipse.m2e.jdt.internal.DownloadSourcesJob.download(DownloadSourcesJob.java:328) [org.eclipse.m2e.jdt_1.13.0.20190716-1624.jar:na]
	at org.eclipse.m2e.jdt.internal.DownloadSourcesJob.downloadAttachments(DownloadSourcesJob.java:302) [org.eclipse.m2e.jdt_1.13.0.20190716-1624.jar:na]
	at org.eclipse.m2e.jdt.internal.DownloadSourcesJob.downloadMaven(DownloadSourcesJob.java:267) [org.eclipse.m2e.jdt_1.13.0.20190716-1624.jar:na]
	at org.eclipse.m2e.jdt.internal.DownloadSourcesJob.downloadFilesAndPopulateToUpdate(DownloadSourcesJob.java:231) [org.eclipse.m2e.jdt_1.13.0.20190716-1624.jar:na]
	at org.eclipse.m2e.jdt.internal.DownloadSourcesJob.lambda$0(DownloadSourcesJob.java:159) [org.eclipse.m2e.jdt_1.13.0.20190716-1624.jar:na]
	at org.eclipse.m2e.core.internal.embedder.MavenExecutionContext.executeBare(MavenExecutionContext.java:177) ~[org.eclipse.m2e.core_1.13.0.20190716-1624.jar:na]
	at org.eclipse.m2e.core.internal.embedder.MavenExecutionContext.execute(MavenExecutionContext.java:151) ~[org.eclipse.m2e.core_1.13.0.20190716-1624.jar:na]
	at org.eclipse.m2e.core.internal.embedder.MavenExecutionContext.execute(MavenExecutionContext.java:99) ~[org.eclipse.m2e.core_1.13.0.20190716-1624.jar:na]
	at org.eclipse.m2e.core.internal.embedder.MavenImpl.execute(MavenImpl.java:1374) ~[org.eclipse.m2e.core_1.13.0.20190716-1624.jar:na]
	at org.eclipse.m2e.jdt.internal.DownloadSourcesJob.run(DownloadSourcesJob.java:159) [org.eclipse.m2e.jdt_1.13.0.20190716-1624.jar:na]
	at org.eclipse.core.internal.jobs.Worker.run(Worker.java:63) ~[org.eclipse.core.jobs_3.10.500.v20190620-1426.jar:na]
2020-08-03 18:07:35,773 [Worker-3: Download sources and javadoc] INFO  o.e.m.c.i.e.AbstractTransferListenerAdapter - Downloading https://repo.maven.apache.org/maven2/org/apache/xmlbeans/xmlbeans/3.1.0/xmlbeans-3.1.0-sources.jar
2020-08-03 18:07:37,827 [Worker-3: Download sources and javadoc] INFO  o.e.m.c.i.e.AbstractTransferListenerAdapter - Downloaded https://repo.maven.apache.org/maven2/org/apache/xmlbeans/xmlbeans/3.1.0/xmlbeans-3.1.0-sources.jar
2020-08-03 18:07:37,920 [Worker-3: Download sources and javadoc] INFO  o.e.m.j.internal.DownloadSourcesJob - Downloaded sources for org.apache.xmlbeans:xmlbeans:3.1.0
2020-08-03 18:07:38,622 [Worker-3: Download sources and javadoc] INFO  o.e.m.c.i.e.AbstractTransferListenerAdapter - Downloading https://repo.maven.apache.org/maven2/org/apache/commons/commons-compress/1.19/commons-compress-1.19-sources.jar
2020-08-03 18:07:39,766 [Worker-3: Download sources and javadoc] INFO  o.e.m.c.i.e.AbstractTransferListenerAdapter - Downloaded https://repo.maven.apache.org/maven2/org/apache/commons/commons-compress/1.19/commons-compress-1.19-sources.jar
2020-08-03 18:07:40,031 [Worker-3: Download sources and javadoc] INFO  o.e.m.j.internal.DownloadSourcesJob - Downloaded sources for org.apache.commons:commons-compress:1.19
2020-08-03 18:07:40,795 [Worker-3: Download sources and javadoc] INFO  o.e.m.c.i.e.AbstractTransferListenerAdapter - Downloading https://repo.maven.apache.org/maven2/com/github/virtuald/curvesapi/1.06/curvesapi-1.06-sources.jar
2020-08-03 18:07:41,622 [Worker-3: Download sources and javadoc] INFO  o.e.m.c.i.e.AbstractTransferListenerAdapter - Downloaded https://repo.maven.apache.org/maven2/com/github/virtuald/curvesapi/1.06/curvesapi-1.06-sources.jar
2020-08-03 18:07:41,778 [Worker-3: Download sources and javadoc] INFO  o.e.m.j.internal.DownloadSourcesJob - Downloaded sources for com.github.virtuald:curvesapi:1.06
2020-08-03 18:07:42,496 [Worker-3: Download sources and javadoc] INFO  o.e.m.c.i.e.AbstractTransferListenerAdapter - Downloading https://repo.maven.apache.org/maven2/commons-io/commons-io/2.6/commons-io-2.6-sources.jar
2020-08-03 18:07:43,463 [Worker-3: Download sources and javadoc] INFO  o.e.m.c.i.e.AbstractTransferListenerAdapter - Downloaded https://repo.maven.apache.org/maven2/commons-io/commons-io/2.6/commons-io-2.6-sources.jar
2020-08-03 18:07:43,510 [Worker-3: Download sources and javadoc] INFO  o.e.m.j.internal.DownloadSourcesJob - Downloaded sources for commons-io:commons-io:2.6
2020-08-03 18:07:46,355 [Worker-21: Download sources and javadoc] INFO  o.e.m.c.i.e.AbstractTransferListenerAdapter - Downloaded https://repo.maven.apache.org/maven2/org/apache/poi/poi-ooxml-schemas/4.1.2/poi-ooxml-schemas-4.1.2-javadoc.jar
2020-08-03 18:07:46,361 [Worker-21: Download sources and javadoc] ERROR o.e.m.j.internal.DownloadSourcesJob - Could not download javadoc for org.apache.poi:poi-ooxml-schemas:4.1.2
org.eclipse.core.runtime.CoreException: Could not resolve artifact org.apache.poi:poi-ooxml-schemas:jar:javadoc:4.1.2
	at org.eclipse.m2e.core.internal.embedder.MavenImpl.lambda$4(MavenImpl.java:801) ~[org.eclipse.m2e.core_1.13.0.20190716-1624.jar:na]
	at org.eclipse.m2e.core.internal.embedder.MavenExecutionContext.executeBare(MavenExecutionContext.java:177) ~[org.eclipse.m2e.core_1.13.0.20190716-1624.jar:na]
	at org.eclipse.m2e.core.internal.embedder.MavenExecutionContext.execute(MavenExecutionContext.java:112) ~[org.eclipse.m2e.core_1.13.0.20190716-1624.jar:na]
	at org.eclipse.m2e.core.internal.embedder.MavenExecutionContext.execute(MavenExecutionContext.java:99) ~[org.eclipse.m2e.core_1.13.0.20190716-1624.jar:na]
	at org.eclipse.m2e.core.internal.embedder.MavenImpl.resolve(MavenImpl.java:769) ~[org.eclipse.m2e.core_1.13.0.20190716-1624.jar:na]
	at org.eclipse.m2e.core.internal.embedder.MavenImpl.resolve(MavenImpl.java:746) ~[org.eclipse.m2e.core_1.13.0.20190716-1624.jar:na]
	at org.eclipse.m2e.jdt.internal.DownloadSourcesJob.download(DownloadSourcesJob.java:328) [org.eclipse.m2e.jdt_1.13.0.20190716-1624.jar:na]
	at org.eclipse.m2e.jdt.internal.DownloadSourcesJob.downloadAttachments(DownloadSourcesJob.java:314) [org.eclipse.m2e.jdt_1.13.0.20190716-1624.jar:na]
	at org.eclipse.m2e.jdt.internal.DownloadSourcesJob.downloadMaven(DownloadSourcesJob.java:267) [org.eclipse.m2e.jdt_1.13.0.20190716-1624.jar:na]
	at org.eclipse.m2e.jdt.internal.DownloadSourcesJob.downloadFilesAndPopulateToUpdate(DownloadSourcesJob.java:231) [org.eclipse.m2e.jdt_1.13.0.20190716-1624.jar:na]
	at org.eclipse.m2e.jdt.internal.DownloadSourcesJob.lambda$0(DownloadSourcesJob.java:159) [org.eclipse.m2e.jdt_1.13.0.20190716-1624.jar:na]
	at org.eclipse.m2e.core.internal.embedder.MavenExecutionContext.executeBare(MavenExecutionContext.java:177) ~[org.eclipse.m2e.core_1.13.0.20190716-1624.jar:na]
	at org.eclipse.m2e.core.internal.embedder.MavenExecutionContext.execute(MavenExecutionContext.java:151) ~[org.eclipse.m2e.core_1.13.0.20190716-1624.jar:na]
	at org.eclipse.m2e.core.internal.embedder.MavenExecutionContext.execute(MavenExecutionContext.java:99) ~[org.eclipse.m2e.core_1.13.0.20190716-1624.jar:na]
	at org.eclipse.m2e.core.internal.embedder.MavenImpl.execute(MavenImpl.java:1374) ~[org.eclipse.m2e.core_1.13.0.20190716-1624.jar:na]
	at org.eclipse.m2e.jdt.internal.DownloadSourcesJob.run(DownloadSourcesJob.java:159) [org.eclipse.m2e.jdt_1.13.0.20190716-1624.jar:na]
	at org.eclipse.core.internal.jobs.Worker.run(Worker.java:63) ~[org.eclipse.core.jobs_3.10.500.v20190620-1426.jar:na]
2020-08-03 18:07:50,509 [Worker-23: Building workspace] WARN  o.e.m.c.i.embedder.EclipseLogger - Using platform encoding (Cp1252 actually) to copy filtered resources, i.e. build is platform dependent!
2020-08-03 18:07:50,514 [Worker-23: Building workspace] INFO  o.e.m.c.i.embedder.EclipseLogger - Copying 1 resource
2020-08-03 18:07:50,526 [Worker-23: Building workspace] WARN  o.e.m.c.i.embedder.EclipseLogger - Using platform encoding (Cp1252 actually) to copy filtered resources, i.e. build is platform dependent!
2020-08-03 18:07:50,528 [Worker-23: Building workspace] INFO  o.e.m.c.i.embedder.EclipseLogger - skip non existing resourceDirectory C:\Fontes\wor\excel_em_temporaria\src\test\resources
2020-08-03 18:08:57,031 [Worker-3: Building workspace] WARN  o.e.m.c.i.embedder.EclipseLogger - Using platform encoding (Cp1252 actually) to copy filtered resources, i.e. build is platform dependent!
2020-08-03 18:08:57,109 [Worker-3: Building workspace] INFO  o.e.m.c.i.embedder.EclipseLogger - Copying 0 resource
2020-08-03 18:08:57,109 [Worker-3: Building workspace] WARN  o.e.m.c.i.embedder.EclipseLogger - Using platform encoding (Cp1252 actually) to copy filtered resources, i.e. build is platform dependent!
2020-08-03 18:08:57,109 [Worker-3: Building workspace] INFO  o.e.m.c.i.embedder.EclipseLogger - skip non existing resourceDirectory C:\Fontes\wor\excel_em_temporaria\src\test\resources
2020-08-03 18:10:28,675 [Worker-3: Building workspace] WARN  o.e.m.c.i.embedder.EclipseLogger - Using platform encoding (Cp1252 actually) to copy filtered resources, i.e. build is platform dependent!
2020-08-03 18:10:28,737 [Worker-3: Building workspace] INFO  o.e.m.c.i.embedder.EclipseLogger - Copying 0 resource
2020-08-03 18:10:28,737 [Worker-3: Building workspace] WARN  o.e.m.c.i.embedder.EclipseLogger - Using platform encoding (Cp1252 actually) to copy filtered resources, i.e. build is platform dependent!
2020-08-03 18:10:28,737 [Worker-3: Building workspace] INFO  o.e.m.c.i.embedder.EclipseLogger - skip non existing resourceDirectory C:\Fontes\wor\excel_em_temporaria\src\test\resources
2020-08-03 18:10:32,543 [Worker-21: Building workspace] WARN  o.e.m.c.i.embedder.EclipseLogger - Using platform encoding (Cp1252 actually) to copy filtered resources, i.e. build is platform dependent!
2020-08-03 18:10:32,543 [Worker-21: Building workspace] INFO  o.e.m.c.i.embedder.EclipseLogger - Copying 0 resource
2020-08-03 18:10:32,543 [Worker-21: Building workspace] WARN  o.e.m.c.i.embedder.EclipseLogger - Using platform encoding (Cp1252 actually) to copy filtered resources, i.e. build is platform dependent!
2020-08-03 18:10:32,543 [Worker-21: Building workspace] INFO  o.e.m.c.i.embedder.EclipseLogger - skip non existing resourceDirectory C:\Fontes\wor\excel_em_temporaria\src\test\resources
2020-08-03 18:11:08,759 [Worker-21: Building workspace] WARN  o.e.m.c.i.embedder.EclipseLogger - Using platform encoding (Cp1252 actually) to copy filtered resources, i.e. build is platform dependent!
2020-08-03 18:11:08,774 [Worker-21: Building workspace] INFO  o.e.m.c.i.embedder.EclipseLogger - Copying 2 resources
2020-08-03 18:11:08,837 [Worker-21: Building workspace] WARN  o.e.m.c.i.embedder.EclipseLogger - Using platform encoding (Cp1252 actually) to copy filtered resources, i.e. build is platform dependent!
2020-08-03 18:11:08,837 [Worker-21: Building workspace] INFO  o.e.m.c.i.embedder.EclipseLogger - skip non existing resourceDirectory C:\Fontes\wor\excel_em_temporaria\src\test\resources
2020-08-03 18:11:39,494 [Worker-3: Building workspace] WARN  o.e.m.c.i.embedder.EclipseLogger - Using platform encoding (Cp1252 actually) to copy filtered resources, i.e. build is platform dependent!
2020-08-03 18:11:39,494 [Worker-3: Building workspace] INFO  o.e.m.c.i.embedder.EclipseLogger - Copying 0 resource
2020-08-03 18:11:39,510 [Worker-3: Building workspace] WARN  o.e.m.c.i.embedder.EclipseLogger - Using platform encoding (Cp1252 actually) to copy filtered resources, i.e. build is platform dependent!
2020-08-03 18:11:39,510 [Worker-3: Building workspace] INFO  o.e.m.c.i.embedder.EclipseLogger - skip non existing resourceDirectory C:\Fontes\wor\excel_em_temporaria\src\test\resources
2020-08-03 18:12:29,751 [Worker-21: Building workspace] WARN  o.e.m.c.i.embedder.EclipseLogger - Using platform encoding (Cp1252 actually) to copy filtered resources, i.e. build is platform dependent!
2020-08-03 18:12:29,751 [Worker-21: Building workspace] INFO  o.e.m.c.i.embedder.EclipseLogger - Copying 0 resource
2020-08-03 18:12:29,844 [Worker-21: Building workspace] WARN  o.e.m.c.i.embedder.EclipseLogger - Using platform encoding (Cp1252 actually) to copy filtered resources, i.e. build is platform dependent!
2020-08-03 18:12:29,860 [Worker-21: Building workspace] INFO  o.e.m.c.i.embedder.EclipseLogger - skip non existing resourceDirectory C:\Fontes\wor\excel_em_temporaria\src\test\resources
2020-08-03 18:12:40,746 [Worker-3: Building workspace] WARN  o.e.m.c.i.embedder.EclipseLogger - Using platform encoding (Cp1252 actually) to copy filtered resources, i.e. build is platform dependent!
2020-08-03 18:12:40,746 [Worker-3: Building workspace] INFO  o.e.m.c.i.embedder.EclipseLogger - Copying 0 resource
2020-08-03 18:12:40,746 [Worker-3: Building workspace] WARN  o.e.m.c.i.embedder.EclipseLogger - Using platform encoding (Cp1252 actually) to copy filtered resources, i.e. build is platform dependent!
2020-08-03 18:12:40,746 [Worker-3: Building workspace] INFO  o.e.m.c.i.embedder.EclipseLogger - skip non existing resourceDirectory C:\Fontes\wor\excel_em_temporaria\src\test\resources
2020-08-03 18:12:48,561 [Worker-3: Building workspace] WARN  o.e.m.c.i.embedder.EclipseLogger - Using platform encoding (Cp1252 actually) to copy filtered resources, i.e. build is platform dependent!
2020-08-03 18:12:48,576 [Worker-3: Building workspace] INFO  o.e.m.c.i.embedder.EclipseLogger - Copying 0 resource
2020-08-03 18:12:48,576 [Worker-3: Building workspace] WARN  o.e.m.c.i.embedder.EclipseLogger - Using platform encoding (Cp1252 actually) to copy filtered resources, i.e. build is platform dependent!
2020-08-03 18:12:48,576 [Worker-3: Building workspace] INFO  o.e.m.c.i.embedder.EclipseLogger - skip non existing resourceDirectory C:\Fontes\wor\excel_em_temporaria\src\test\resources
2020-08-03 18:12:58,554 [Worker-0: Building workspace] WARN  o.e.m.c.i.embedder.EclipseLogger - Using platform encoding (Cp1252 actually) to copy filtered resources, i.e. build is platform dependent!
2020-08-03 18:12:58,554 [Worker-0: Building workspace] INFO  o.e.m.c.i.embedder.EclipseLogger - Copying 0 resource
2020-08-03 18:12:58,554 [Worker-0: Building workspace] WARN  o.e.m.c.i.embedder.EclipseLogger - Using platform encoding (Cp1252 actually) to copy filtered resources, i.e. build is platform dependent!
2020-08-03 18:12:58,554 [Worker-0: Building workspace] INFO  o.e.m.c.i.embedder.EclipseLogger - skip non existing resourceDirectory C:\Fontes\wor\excel_em_temporaria\src\test\resources
2020-08-03 18:13:08,752 [Worker-21: Building workspace] WARN  o.e.m.c.i.embedder.EclipseLogger - Using platform encoding (Cp1252 actually) to copy filtered resources, i.e. build is platform dependent!
2020-08-03 18:13:08,768 [Worker-21: Building workspace] INFO  o.e.m.c.i.embedder.EclipseLogger - Copying 0 resource
2020-08-03 18:13:08,768 [Worker-21: Building workspace] WARN  o.e.m.c.i.embedder.EclipseLogger - Using platform encoding (Cp1252 actually) to copy filtered resources, i.e. build is platform dependent!
2020-08-03 18:13:08,768 [Worker-21: Building workspace] INFO  o.e.m.c.i.embedder.EclipseLogger - skip non existing resourceDirectory C:\Fontes\wor\excel_em_temporaria\src\test\resources
2020-08-03 18:13:35,806 [Worker-24: Building workspace] WARN  o.e.m.c.i.embedder.EclipseLogger - Using platform encoding (Cp1252 actually) to copy filtered resources, i.e. build is platform dependent!
2020-08-03 18:13:35,822 [Worker-24: Building workspace] INFO  o.e.m.c.i.embedder.EclipseLogger - Copying 0 resource
2020-08-03 18:13:35,822 [Worker-24: Building workspace] WARN  o.e.m.c.i.embedder.EclipseLogger - Using platform encoding (Cp1252 actually) to copy filtered resources, i.e. build is platform dependent!
2020-08-03 18:13:35,822 [Worker-24: Building workspace] INFO  o.e.m.c.i.embedder.EclipseLogger - skip non existing resourceDirectory C:\Fontes\wor\excel_em_temporaria\src\test\resources
2020-08-03 18:13:44,488 [Worker-24: Building workspace] WARN  o.e.m.c.i.embedder.EclipseLogger - Using platform encoding (Cp1252 actually) to copy filtered resources, i.e. build is platform dependent!
2020-08-03 18:13:44,488 [Worker-24: Building workspace] INFO  o.e.m.c.i.embedder.EclipseLogger - Copying 0 resource
2020-08-03 18:13:44,503 [Worker-24: Building workspace] WARN  o.e.m.c.i.embedder.EclipseLogger - Using platform encoding (Cp1252 actually) to copy filtered resources, i.e. build is platform dependent!
2020-08-03 18:13:44,503 [Worker-24: Building workspace] INFO  o.e.m.c.i.embedder.EclipseLogger - skip non existing resourceDirectory C:\Fontes\wor\excel_em_temporaria\src\test\resources
2020-08-03 18:13:50,978 [Worker-23: Building workspace] WARN  o.e.m.c.i.embedder.EclipseLogger - Using platform encoding (Cp1252 actually) to copy filtered resources, i.e. build is platform dependent!
2020-08-03 18:13:50,987 [Worker-23: Building workspace] INFO  o.e.m.c.i.embedder.EclipseLogger - Copying 0 resource
2020-08-03 18:13:50,994 [Worker-23: Building workspace] WARN  o.e.m.c.i.embedder.EclipseLogger - Using platform encoding (Cp1252 actually) to copy filtered resources, i.e. build is platform dependent!
2020-08-03 18:13:50,996 [Worker-23: Building workspace] INFO  o.e.m.c.i.embedder.EclipseLogger - skip non existing resourceDirectory C:\Fontes\wor\excel_em_temporaria\src\test\resources
2020-08-03 18:14:05,931 [Worker-21: Building workspace] WARN  o.e.m.c.i.embedder.EclipseLogger - Using platform encoding (Cp1252 actually) to copy filtered resources, i.e. build is platform dependent!
2020-08-03 18:14:05,946 [Worker-21: Building workspace] INFO  o.e.m.c.i.embedder.EclipseLogger - Copying 0 resource
2020-08-03 18:14:05,946 [Worker-21: Building workspace] WARN  o.e.m.c.i.embedder.EclipseLogger - Using platform encoding (Cp1252 actually) to copy filtered resources, i.e. build is platform dependent!
2020-08-03 18:14:05,962 [Worker-21: Building workspace] INFO  o.e.m.c.i.embedder.EclipseLogger - skip non existing resourceDirectory C:\Fontes\wor\excel_em_temporaria\src\test\resources
2020-08-03 18:14:16,082 [Worker-21: Building workspace] WARN  o.e.m.c.i.embedder.EclipseLogger - Using platform encoding (Cp1252 actually) to copy filtered resources, i.e. build is platform dependent!
2020-08-03 18:14:16,098 [Worker-21: Building workspace] INFO  o.e.m.c.i.embedder.EclipseLogger - Copying 2 resources
2020-08-03 18:14:16,098 [Worker-21: Building workspace] WARN  o.e.m.c.i.embedder.EclipseLogger - Using platform encoding (Cp1252 actually) to copy filtered resources, i.e. build is platform dependent!
2020-08-03 18:14:16,114 [Worker-21: Building workspace] INFO  o.e.m.c.i.embedder.EclipseLogger - skip non existing resourceDirectory C:\Fontes\wor\excel_em_temporaria\src\test\resources
2020-08-03 18:15:18,924 [Worker-0: Building workspace] WARN  o.e.m.c.i.embedder.EclipseLogger - Using platform encoding (Cp1252 actually) to copy filtered resources, i.e. build is platform dependent!
2020-08-03 18:15:18,940 [Worker-0: Building workspace] INFO  o.e.m.c.i.embedder.EclipseLogger - Copying 2 resources
2020-08-03 18:15:18,940 [Worker-0: Building workspace] WARN  o.e.m.c.i.embedder.EclipseLogger - Using platform encoding (Cp1252 actually) to copy filtered resources, i.e. build is platform dependent!
2020-08-03 18:15:18,955 [Worker-0: Building workspace] INFO  o.e.m.c.i.embedder.EclipseLogger - skip non existing resourceDirectory C:\Fontes\wor\excel_em_temporaria\src\test\resources
2020-08-03 18:20:29,814 [Worker-25: Building workspace] WARN  o.e.m.c.i.embedder.EclipseLogger - Using platform encoding (Cp1252 actually) to copy filtered resources, i.e. build is platform dependent!
2020-08-03 18:20:29,847 [Worker-25: Building workspace] INFO  o.e.m.c.i.embedder.EclipseLogger - Copying 0 resource
2020-08-03 18:20:29,858 [Worker-25: Building workspace] WARN  o.e.m.c.i.embedder.EclipseLogger - Using platform encoding (Cp1252 actually) to copy filtered resources, i.e. build is platform dependent!
2020-08-03 18:20:29,861 [Worker-25: Building workspace] INFO  o.e.m.c.i.embedder.EclipseLogger - skip non existing resourceDirectory C:\Fontes\wor\excel_em_temporaria\src\test\resources
2020-08-03 18:22:21,898 [Worker-26: Building workspace] WARN  o.e.m.c.i.embedder.EclipseLogger - Using platform encoding (Cp1252 actually) to copy filtered resources, i.e. build is platform dependent!
2020-08-03 18:22:21,913 [Worker-26: Building workspace] INFO  o.e.m.c.i.embedder.EclipseLogger - Copying 2 resources
2020-08-03 18:22:21,913 [Worker-26: Building workspace] WARN  o.e.m.c.i.embedder.EclipseLogger - Using platform encoding (Cp1252 actually) to copy filtered resources, i.e. build is platform dependent!
2020-08-03 18:22:21,913 [Worker-26: Building workspace] INFO  o.e.m.c.i.embedder.EclipseLogger - skip non existing resourceDirectory C:\Fontes\wor\excel_em_temporaria\src\test\resources
2020-08-03 18:24:07,427 [Worker-30: Building workspace] WARN  o.e.m.c.i.embedder.EclipseLogger - Using platform encoding (Cp1252 actually) to copy filtered resources, i.e. build is platform dependent!
2020-08-03 18:24:07,427 [Worker-30: Building workspace] INFO  o.e.m.c.i.embedder.EclipseLogger - Copying 2 resources
2020-08-03 18:24:07,427 [Worker-30: Building workspace] WARN  o.e.m.c.i.embedder.EclipseLogger - Using platform encoding (Cp1252 actually) to copy filtered resources, i.e. build is platform dependent!
2020-08-03 18:24:07,443 [Worker-30: Building workspace] INFO  o.e.m.c.i.embedder.EclipseLogger - skip non existing resourceDirectory C:\Fontes\wor\excel_em_temporaria\src\test\resources
2020-08-03 18:29:01,748 [Worker-27: Building workspace] WARN  o.e.m.c.i.embedder.EclipseLogger - Using platform encoding (Cp1252 actually) to copy filtered resources, i.e. build is platform dependent!
2020-08-03 18:29:01,802 [Worker-27: Building workspace] INFO  o.e.m.c.i.embedder.EclipseLogger - Copying 2 resources
2020-08-03 18:29:01,817 [Worker-27: Building workspace] WARN  o.e.m.c.i.embedder.EclipseLogger - Using platform encoding (Cp1252 actually) to copy filtered resources, i.e. build is platform dependent!
2020-08-03 18:29:01,819 [Worker-27: Building workspace] INFO  o.e.m.c.i.embedder.EclipseLogger - skip non existing resourceDirectory C:\Fontes\wor\excel_em_temporaria\src\test\resources
2020-08-03 18:30:15,442 [Worker-26: Building workspace] WARN  o.e.m.c.i.embedder.EclipseLogger - Using platform encoding (Cp1252 actually) to copy filtered resources, i.e. build is platform dependent!
2020-08-03 18:30:15,456 [Worker-26: Building workspace] INFO  o.e.m.c.i.embedder.EclipseLogger - Copying 2 resources
2020-08-03 18:30:15,461 [Worker-26: Building workspace] WARN  o.e.m.c.i.embedder.EclipseLogger - Using platform encoding (Cp1252 actually) to copy filtered resources, i.e. build is platform dependent!
2020-08-03 18:30:15,469 [Worker-26: Building workspace] INFO  o.e.m.c.i.embedder.EclipseLogger - skip non existing resourceDirectory C:\Fontes\wor\excel_em_temporaria\src\test\resources
2020-08-03 18:31:25,904 [Worker-28: Building workspace] WARN  o.e.m.c.i.embedder.EclipseLogger - Using platform encoding (Cp1252 actually) to copy filtered resources, i.e. build is platform dependent!
2020-08-03 18:31:25,916 [Worker-28: Building workspace] INFO  o.e.m.c.i.embedder.EclipseLogger - Copying 2 resources
2020-08-03 18:31:25,926 [Worker-28: Building workspace] WARN  o.e.m.c.i.embedder.EclipseLogger - Using platform encoding (Cp1252 actually) to copy filtered resources, i.e. build is platform dependent!
2020-08-03 18:31:25,929 [Worker-28: Building workspace] INFO  o.e.m.c.i.embedder.EclipseLogger - skip non existing resourceDirectory C:\Fontes\wor\excel_em_temporaria\src\test\resources
2020-08-03 18:33:14,430 [Worker-32: Building workspace] WARN  o.e.m.c.i.embedder.EclipseLogger - Using platform encoding (Cp1252 actually) to copy filtered resources, i.e. build is platform dependent!
2020-08-03 18:33:14,441 [Worker-32: Building workspace] INFO  o.e.m.c.i.embedder.EclipseLogger - Copying 2 resources
2020-08-03 18:33:14,445 [Worker-32: Building workspace] WARN  o.e.m.c.i.embedder.EclipseLogger - Using platform encoding (Cp1252 actually) to copy filtered resources, i.e. build is platform dependent!
2020-08-03 18:33:14,448 [Worker-32: Building workspace] INFO  o.e.m.c.i.embedder.EclipseLogger - skip non existing resourceDirectory C:\Fontes\wor\excel_em_temporaria\src\test\resources
2020-08-03 18:33:40,127 [Worker-28: Building workspace] WARN  o.e.m.c.i.embedder.EclipseLogger - Using platform encoding (Cp1252 actually) to copy filtered resources, i.e. build is platform dependent!
2020-08-03 18:33:40,139 [Worker-28: Building workspace] INFO  o.e.m.c.i.embedder.EclipseLogger - Copying 2 resources
2020-08-03 18:33:40,143 [Worker-28: Building workspace] WARN  o.e.m.c.i.embedder.EclipseLogger - Using platform encoding (Cp1252 actually) to copy filtered resources, i.e. build is platform dependent!
2020-08-03 18:33:40,145 [Worker-28: Building workspace] INFO  o.e.m.c.i.embedder.EclipseLogger - skip non existing resourceDirectory C:\Fontes\wor\excel_em_temporaria\src\test\resources
2020-08-03 18:33:49,941 [Worker-27: Building workspace] WARN  o.e.m.c.i.embedder.EclipseLogger - Using platform encoding (Cp1252 actually) to copy filtered resources, i.e. build is platform dependent!
2020-08-03 18:33:49,950 [Worker-27: Building workspace] INFO  o.e.m.c.i.embedder.EclipseLogger - Copying 2 resources
2020-08-03 18:33:49,955 [Worker-27: Building workspace] WARN  o.e.m.c.i.embedder.EclipseLogger - Using platform encoding (Cp1252 actually) to copy filtered resources, i.e. build is platform dependent!
2020-08-03 18:33:49,957 [Worker-27: Building workspace] INFO  o.e.m.c.i.embedder.EclipseLogger - skip non existing resourceDirectory C:\Fontes\wor\excel_em_temporaria\src\test\resources
2020-08-03 18:38:02,343 [Worker-33: Building workspace] WARN  o.e.m.c.i.embedder.EclipseLogger - Using platform encoding (Cp1252 actually) to copy filtered resources, i.e. build is platform dependent!
2020-08-03 18:38:02,387 [Worker-33: Building workspace] INFO  o.e.m.c.i.embedder.EclipseLogger - Copying 2 resources
2020-08-03 18:38:02,407 [Worker-33: Building workspace] WARN  o.e.m.c.i.embedder.EclipseLogger - Using platform encoding (Cp1252 actually) to copy filtered resources, i.e. build is platform dependent!
2020-08-03 18:38:02,411 [Worker-33: Building workspace] INFO  o.e.m.c.i.embedder.EclipseLogger - skip non existing resourceDirectory C:\Fontes\wor\excel_em_temporaria\src\test\resources
2020-08-03 18:41:44,415 [Worker-34: Building workspace] WARN  o.e.m.c.i.embedder.EclipseLogger - Using platform encoding (Cp1252 actually) to copy filtered resources, i.e. build is platform dependent!
2020-08-03 18:41:44,430 [Worker-34: Building workspace] INFO  o.e.m.c.i.embedder.EclipseLogger - Copying 2 resources
2020-08-03 18:41:44,434 [Worker-34: Building workspace] WARN  o.e.m.c.i.embedder.EclipseLogger - Using platform encoding (Cp1252 actually) to copy filtered resources, i.e. build is platform dependent!
2020-08-03 18:41:44,437 [Worker-34: Building workspace] INFO  o.e.m.c.i.embedder.EclipseLogger - skip non existing resourceDirectory C:\Fontes\wor\excel_em_temporaria\src\test\resources
2020-08-03 18:50:03,053 [Worker-43: Building workspace] WARN  o.e.m.c.i.embedder.EclipseLogger - Using platform encoding (Cp1252 actually) to copy filtered resources, i.e. build is platform dependent!
2020-08-03 18:50:03,085 [Worker-43: Building workspace] INFO  o.e.m.c.i.embedder.EclipseLogger - Copying 2 resources
2020-08-03 18:50:03,094 [Worker-43: Building workspace] WARN  o.e.m.c.i.embedder.EclipseLogger - Using platform encoding (Cp1252 actually) to copy filtered resources, i.e. build is platform dependent!
2020-08-03 18:50:03,097 [Worker-43: Building workspace] INFO  o.e.m.c.i.embedder.EclipseLogger - skip non existing resourceDirectory C:\Fontes\wor\excel_em_temporaria\src\test\resources
2020-08-03 18:52:40,131 [Worker-43: Building workspace] WARN  o.e.m.c.i.embedder.EclipseLogger - Using platform encoding (Cp1252 actually) to copy filtered resources, i.e. build is platform dependent!
2020-08-03 18:52:40,169 [Worker-43: Building workspace] INFO  o.e.m.c.i.embedder.EclipseLogger - Copying 2 resources
2020-08-03 18:52:40,174 [Worker-43: Building workspace] WARN  o.e.m.c.i.embedder.EclipseLogger - Using platform encoding (Cp1252 actually) to copy filtered resources, i.e. build is platform dependent!
2020-08-03 18:52:40,177 [Worker-43: Building workspace] INFO  o.e.m.c.i.embedder.EclipseLogger - skip non existing resourceDirectory C:\Fontes\wor\excel_em_temporaria\src\test\resources
2020-08-03 18:52:54,689 [Worker-42: Building workspace] WARN  o.e.m.c.i.embedder.EclipseLogger - Using platform encoding (Cp1252 actually) to copy filtered resources, i.e. build is platform dependent!
2020-08-03 18:52:54,723 [Worker-42: Building workspace] INFO  o.e.m.c.i.embedder.EclipseLogger - Copying 2 resources
2020-08-03 18:52:54,728 [Worker-42: Building workspace] WARN  o.e.m.c.i.embedder.EclipseLogger - Using platform encoding (Cp1252 actually) to copy filtered resources, i.e. build is platform dependent!
2020-08-03 18:52:54,731 [Worker-42: Building workspace] INFO  o.e.m.c.i.embedder.EclipseLogger - skip non existing resourceDirectory C:\Fontes\wor\excel_em_temporaria\src\test\resources
2020-08-03 18:53:04,560 [Worker-42: Building workspace] WARN  o.e.m.c.i.embedder.EclipseLogger - Using platform encoding (Cp1252 actually) to copy filtered resources, i.e. build is platform dependent!
2020-08-03 18:53:04,562 [Worker-42: Building workspace] INFO  o.e.m.c.i.embedder.EclipseLogger - Copying 1 resource
2020-08-03 18:53:04,566 [Worker-42: Building workspace] WARN  o.e.m.c.i.embedder.EclipseLogger - Using platform encoding (Cp1252 actually) to copy filtered resources, i.e. build is platform dependent!
2020-08-03 18:53:04,568 [Worker-42: Building workspace] INFO  o.e.m.c.i.embedder.EclipseLogger - skip non existing resourceDirectory C:\Fontes\wor\excel_em_temporaria\src\test\resources
2020-08-03 18:53:14,234 [Worker-39: Updating Maven Project] INFO  o.e.m.c.i.p.ProjectConfigurationManager - Update started
2020-08-03 18:53:21,389 [Worker-39: Updating Maven Project] INFO  o.e.m.c.i.l.LifecycleMappingFactory - Using org.eclipse.m2e.jdt.JarLifecycleMapping lifecycle mapping for MavenProject: excel_em_temporaria:excel_em_temporaria:0.0.1-SNAPSHOT @ C:\Fontes\wor\excel_em_temporaria\pom.xml.
2020-08-03 18:53:23,844 [Worker-39: Updating Maven Project] INFO  o.e.m.j.i.AbstractJavaProjectConfigurator - Adding source folder /excel_em_temporaria/src
2020-08-03 18:53:23,846 [Worker-39: Updating Maven Project] INFO  o.e.m.j.i.AbstractJavaProjectConfigurator - Resources folder /excel_em_temporaria/src overlaps with sources folder /excel_em_temporaria/src
2020-08-03 18:53:23,850 [Worker-39: Updating Maven Project] INFO  o.e.m.j.i.AbstractJavaProjectConfigurator - Not adding source folder /excel_em_temporaria/src/test/java because it overlaps with /excel_em_temporaria/src
2020-08-03 18:53:28,196 [Worker-39: Updating Maven Project] INFO  o.e.m.c.i.p.ProjectConfigurationManager - Update completed: 13 sec
2020-08-03 18:53:41,142 [Worker-42: Building workspace] WARN  o.e.m.c.i.embedder.EclipseLogger - Using platform encoding (Cp1252 actually) to copy filtered resources, i.e. build is platform dependent!
2020-08-03 18:53:41,148 [Worker-42: Building workspace] INFO  o.e.m.c.i.embedder.EclipseLogger - Copying 2 resources
2020-08-03 18:53:41,179 [Worker-42: Building workspace] WARN  o.e.m.c.i.embedder.EclipseLogger - Using platform encoding (Cp1252 actually) to copy filtered resources, i.e. build is platform dependent!
2020-08-03 18:53:41,181 [Worker-42: Building workspace] INFO  o.e.m.c.i.embedder.EclipseLogger - skip non existing resourceDirectory C:\Fontes\wor\excel_em_temporaria\src\test\resources
2020-08-03 18:53:59,116 [Worker-44: Building workspace] WARN  o.e.m.c.i.embedder.EclipseLogger - Using platform encoding (Cp1252 actually) to copy filtered resources, i.e. build is platform dependent!
2020-08-03 18:53:59,149 [Worker-44: Building workspace] INFO  o.e.m.c.i.embedder.EclipseLogger - Copying 2 resources
2020-08-03 18:53:59,171 [Worker-44: Building workspace] WARN  o.e.m.c.i.embedder.EclipseLogger - Using platform encoding (Cp1252 actually) to copy filtered resources, i.e. build is platform dependent!
2020-08-03 18:53:59,174 [Worker-44: Building workspace] INFO  o.e.m.c.i.embedder.EclipseLogger - skip non existing resourceDirectory C:\Fontes\wor\excel_em_temporaria\src\test\resources
2020-08-03 18:54:06,112 [Worker-44: Building workspace] WARN  o.e.m.c.i.embedder.EclipseLogger - Using platform encoding (Cp1252 actually) to copy filtered resources, i.e. build is platform dependent!
2020-08-03 18:54:06,128 [Worker-44: Building workspace] INFO  o.e.m.c.i.embedder.EclipseLogger - Copying 2 resources
2020-08-03 18:54:06,188 [Worker-44: Building workspace] WARN  o.e.m.c.i.embedder.EclipseLogger - Using platform encoding (Cp1252 actually) to copy filtered resources, i.e. build is platform dependent!
2020-08-03 18:54:06,202 [Worker-44: Building workspace] INFO  o.e.m.c.i.embedder.EclipseLogger - skip non existing resourceDirectory C:\Fontes\wor\excel_em_temporaria\src\test\resources
2020-08-03 18:55:53,782 [Worker-39: Building workspace] WARN  o.e.m.c.i.embedder.EclipseLogger - Using platform encoding (Cp1252 actually) to copy filtered resources, i.e. build is platform dependent!
2020-08-03 18:55:53,798 [Worker-39: Building workspace] INFO  o.e.m.c.i.embedder.EclipseLogger - Copying 2 resources
2020-08-03 18:55:53,802 [Worker-39: Building workspace] WARN  o.e.m.c.i.embedder.EclipseLogger - Using platform encoding (Cp1252 actually) to copy filtered resources, i.e. build is platform dependent!
2020-08-03 18:55:53,804 [Worker-39: Building workspace] INFO  o.e.m.c.i.embedder.EclipseLogger - skip non existing resourceDirectory C:\Fontes\wor\excel_em_temporaria\src\test\resources
2020-08-03 18:56:29,413 [Worker-38: Building workspace] WARN  o.e.m.c.i.embedder.EclipseLogger - Using platform encoding (Cp1252 actually) to copy filtered resources, i.e. build is platform dependent!
2020-08-03 18:56:29,426 [Worker-38: Building workspace] INFO  o.e.m.c.i.embedder.EclipseLogger - Copying 2 resources
2020-08-03 18:56:29,431 [Worker-38: Building workspace] WARN  o.e.m.c.i.embedder.EclipseLogger - Using platform encoding (Cp1252 actually) to copy filtered resources, i.e. build is platform dependent!
2020-08-03 18:56:29,433 [Worker-38: Building workspace] INFO  o.e.m.c.i.embedder.EclipseLogger - skip non existing resourceDirectory C:\Fontes\wor\excel_em_temporaria\src\test\resources
2020-08-03 18:56:32,655 [Worker-38: Building workspace] WARN  o.e.m.c.i.embedder.EclipseLogger - Using platform encoding (Cp1252 actually) to copy filtered resources, i.e. build is platform dependent!
2020-08-03 18:56:32,676 [Worker-38: Building workspace] INFO  o.e.m.c.i.embedder.EclipseLogger - Copying 2 resources
2020-08-03 18:56:32,682 [Worker-38: Building workspace] WARN  o.e.m.c.i.embedder.EclipseLogger - Using platform encoding (Cp1252 actually) to copy filtered resources, i.e. build is platform dependent!
2020-08-03 18:56:32,686 [Worker-38: Building workspace] INFO  o.e.m.c.i.embedder.EclipseLogger - skip non existing resourceDirectory C:\Fontes\wor\excel_em_temporaria\src\test\resources
2020-08-03 18:56:52,895 [Worker-42: Building workspace] WARN  o.e.m.c.i.embedder.EclipseLogger - Using platform encoding (Cp1252 actually) to copy filtered resources, i.e. build is platform dependent!
2020-08-03 18:56:52,905 [Worker-42: Building workspace] INFO  o.e.m.c.i.embedder.EclipseLogger - Copying 2 resources
2020-08-03 18:56:52,909 [Worker-42: Building workspace] WARN  o.e.m.c.i.embedder.EclipseLogger - Using platform encoding (Cp1252 actually) to copy filtered resources, i.e. build is platform dependent!
2020-08-03 18:56:52,911 [Worker-42: Building workspace] INFO  o.e.m.c.i.embedder.EclipseLogger - skip non existing resourceDirectory C:\Fontes\wor\excel_em_temporaria\src\test\resources
2020-08-03 18:58:53,636 [Worker-41: Building workspace] WARN  o.e.m.c.i.embedder.EclipseLogger - Using platform encoding (Cp1252 actually) to copy filtered resources, i.e. build is platform dependent!
2020-08-03 18:58:53,650 [Worker-41: Building workspace] INFO  o.e.m.c.i.embedder.EclipseLogger - Copying 2 resources
2020-08-03 18:58:53,662 [Worker-41: Building workspace] WARN  o.e.m.c.i.embedder.EclipseLogger - Using platform encoding (Cp1252 actually) to copy filtered resources, i.e. build is platform dependent!
2020-08-03 18:58:53,665 [Worker-41: Building workspace] INFO  o.e.m.c.i.embedder.EclipseLogger - skip non existing resourceDirectory C:\Fontes\wor\excel_em_temporaria\src\test\resources
2020-08-03 18:59:11,156 [Worker-44: Building workspace] WARN  o.e.m.c.i.embedder.EclipseLogger - Using platform encoding (Cp1252 actually) to copy filtered resources, i.e. build is platform dependent!
2020-08-03 18:59:11,167 [Worker-44: Building workspace] INFO  o.e.m.c.i.embedder.EclipseLogger - Copying 2 resources
2020-08-03 18:59:11,198 [Worker-44: Building workspace] WARN  o.e.m.c.i.embedder.EclipseLogger - Using platform encoding (Cp1252 actually) to copy filtered resources, i.e. build is platform dependent!
2020-08-03 18:59:11,209 [Worker-44: Building workspace] INFO  o.e.m.c.i.embedder.EclipseLogger - skip non existing resourceDirectory C:\Fontes\wor\excel_em_temporaria\src\test\resources
2020-08-03 18:59:24,151 [Worker-41: Building workspace] WARN  o.e.m.c.i.embedder.EclipseLogger - Using platform encoding (Cp1252 actually) to copy filtered resources, i.e. build is platform dependent!
2020-08-03 18:59:24,160 [Worker-41: Building workspace] INFO  o.e.m.c.i.embedder.EclipseLogger - Copying 2 resources
2020-08-03 18:59:24,164 [Worker-41: Building workspace] WARN  o.e.m.c.i.embedder.EclipseLogger - Using platform encoding (Cp1252 actually) to copy filtered resources, i.e. build is platform dependent!
2020-08-03 18:59:24,167 [Worker-41: Building workspace] INFO  o.e.m.c.i.embedder.EclipseLogger - skip non existing resourceDirectory C:\Fontes\wor\excel_em_temporaria\src\test\resources
2020-08-03 19:00:36,328 [Worker-38: Building workspace] WARN  o.e.m.c.i.embedder.EclipseLogger - Using platform encoding (Cp1252 actually) to copy filtered resources, i.e. build is platform dependent!
2020-08-03 19:00:36,368 [Worker-38: Building workspace] INFO  o.e.m.c.i.embedder.EclipseLogger - Copying 2 resources
2020-08-03 19:00:36,374 [Worker-38: Building workspace] WARN  o.e.m.c.i.embedder.EclipseLogger - Using platform encoding (Cp1252 actually) to copy filtered resources, i.e. build is platform dependent!
2020-08-03 19:00:36,420 [Worker-38: Building workspace] INFO  o.e.m.c.i.embedder.EclipseLogger - skip non existing resourceDirectory C:\Fontes\wor\excel_em_temporaria\src\test\resources
2020-08-03 19:01:05,434 [Worker-38: Building workspace] WARN  o.e.m.c.i.embedder.EclipseLogger - Using platform encoding (Cp1252 actually) to copy filtered resources, i.e. build is platform dependent!
2020-08-03 19:01:05,450 [Worker-38: Building workspace] INFO  o.e.m.c.i.embedder.EclipseLogger - Copying 2 resources
2020-08-03 19:01:05,455 [Worker-38: Building workspace] WARN  o.e.m.c.i.embedder.EclipseLogger - Using platform encoding (Cp1252 actually) to copy filtered resources, i.e. build is platform dependent!
2020-08-03 19:01:05,457 [Worker-38: Building workspace] INFO  o.e.m.c.i.embedder.EclipseLogger - skip non existing resourceDirectory C:\Fontes\wor\excel_em_temporaria\src\test\resources
2020-08-03 19:01:25,604 [Worker-38: Building workspace] WARN  o.e.m.c.i.embedder.EclipseLogger - Using platform encoding (Cp1252 actually) to copy filtered resources, i.e. build is platform dependent!
2020-08-03 19:01:25,614 [Worker-38: Building workspace] INFO  o.e.m.c.i.embedder.EclipseLogger - Copying 2 resources
2020-08-03 19:01:25,624 [Worker-38: Building workspace] WARN  o.e.m.c.i.embedder.EclipseLogger - Using platform encoding (Cp1252 actually) to copy filtered resources, i.e. build is platform dependent!
2020-08-03 19:01:25,628 [Worker-38: Building workspace] INFO  o.e.m.c.i.embedder.EclipseLogger - skip non existing resourceDirectory C:\Fontes\wor\excel_em_temporaria\src\test\resources
